{"logTime": "0829/190241", "correlationVector":"NeNg8ow6jGDPB8oMkjIDDT.0","action":"FeedSettingFetch_homeCloud", "result":"0", "context":{}}
{"logTime": "0829/190241", "correlationVector":"NeNg8ow6jGDPB8oMkjIDDT.0","action":"SyncServerConnectionManagerRequest", "result":"SYNC_SERVER_OK", "context":{"environment":"", "migrationStage":"", "server":""}}
{"logTime": "0829/190242", "correlationVector":"kBALeZRaKLX3/aWISpKK1E.1","action":"SyncServerConnectionManagerRequest", "result":"SYNC_SERVER_OK", "context":{"environment":"Prod_SoutheastAsia_000j", "migrationStage":"NotStarted", "server":"GENERAL0100000K"}}
{"logTime": "0829/190242", "correlationVector":"kBALeZRaKLX3/aWISpKK1E","action":"Initial GetUpdates", "result":"", "context":Reason: NEW_CLIENT. cV=kBALeZRaKLX3/aWISpKK1E}
{"logTime": "0829/190242", "correlationVector":"kBALeZRaKLX3/aWISpKK1E.2","action":"GetUpdates Response", "result":"SYNCER_OK", "context":Received 1 update(s). cV=kBALeZRaKLX3/aWISpKK1E.0;server=GENERAL0100000K;cloudType=Consumer;environment=Prod_SoutheastAsia_000j;migrationStage=NotStarted}
{"logTime": "0829/190242", "correlationVector":"Uh9YzQ8ilUPyMYZWVvvdsG","action":"Normal GetUpdate request", "result":"", "context":cV=Uh9YzQ8ilUPyMYZWVvvdsG
Refresh requested types: Encryption Keys}
{"logTime": "0829/190242", "correlationVector":"Uh9YzQ8ilUPyMYZWVvvdsG.1","action":"SyncServerConnectionManagerRequest", "result":"SYNC_SERVER_OK", "context":{"environment":"Prod_SoutheastAsia_000j", "migrationStage":"NotStarted", "server":"GENERAL0100000P"}}
{"logTime": "0829/190242", "correlationVector":"Uh9YzQ8ilUPyMYZWVvvdsG.2","action":"GetUpdates Response", "result":"SYNCER_OK", "context":Received 0 update(s). cV=Uh9YzQ8ilUPyMYZWVvvdsG.0;server=GENERAL0100000P;cloudType=Consumer;environment=Prod_SoutheastAsia_000j;migrationStage=NotStarted}
{"logTime": "0831/053916", "correlationVector":"XqCts712tQ7mP8RgmVo0ZS.0","action":"FeedSettingFetch_homeCloud", "result":"0", "context":{}}
{"logTime": "0831/053916", "correlationVector":"XqCts712tQ7mP8RgmVo0ZS.0","action":"SyncServerConnectionManagerRequest", "result":"SYNC_SERVER_OK", "context":{"environment":"", "migrationStage":"", "server":""}}
{"logTime": "0831/053917", "correlationVector":"ZGWKESfshb1SDetWn7NnW/.1","action":"SyncServerConnectionManagerRequest", "result":"SYNC_SERVER_OK", "context":{"environment":"Prod_SoutheastAsia_000j", "migrationStage":"NotStarted", "server":"GENERAL01000007"}}
{"logTime": "0831/053917", "correlationVector":"ZGWKESfshb1SDetWn7NnW/","action":"Initial GetUpdates", "result":"", "context":Reason: NEW_CLIENT. cV=ZGWKESfshb1SDetWn7NnW/}
{"logTime": "0831/053917", "correlationVector":"ZGWKESfshb1SDetWn7NnW/.2","action":"GetUpdates Response", "result":"SYNCER_OK", "context":Received 1 update(s). cV=ZGWKESfshb1SDetWn7NnW/.0;server=GENERAL01000007;cloudType=Consumer;environment=Prod_SoutheastAsia_000j;migrationStage=NotStarted}
{"logTime": "0831/053917", "correlationVector":"VVnoV6RE5/X/7ZdSLHAPjF","action":"Initial GetUpdates", "result":"", "context":Reason: PROGRAMMATIC. cV=VVnoV6RE5/X/7ZdSLHAPjF}
{"logTime": "0831/053917", "correlationVector":"VVnoV6RE5/X/7ZdSLHAPjF.1","action":"SyncServerConnectionManagerRequest", "result":"SYNC_SERVER_OK", "context":{"environment":"Prod_SoutheastAsia_000j", "migrationStage":"NotStarted", "server":"GENERAL0100000V"}}
{"logTime": "0831/053917", "correlationVector":"VVnoV6RE5/X/7ZdSLHAPjF.2","action":"GetUpdates Response", "result":"SYNCER_OK", "context":Received 43 update(s). cV=VVnoV6RE5/X/7ZdSLHAPjF.0;server=GENERAL0100000V;cloudType=Consumer;environment=Prod_SoutheastAsia_000j;migrationStage=NotStarted}
{"logTime": "0831/053917", "correlationVector":"WUus6qjc8oa01lBHIzu4yW","action":"Initial GetUpdates", "result":"", "context":Reason: PROGRAMMATIC. cV=WUus6qjc8oa01lBHIzu4yW}
{"logTime": "0831/053918", "correlationVector":"WUus6qjc8oa01lBHIzu4yW.1","action":"SyncServerConnectionManagerRequest", "result":"SYNC_SERVER_OK", "context":{"environment":"Prod_SoutheastAsia_000j", "migrationStage":"NotStarted", "server":"GENERAL0100000O"}}
{"logTime": "0831/053918", "correlationVector":"WUus6qjc8oa01lBHIzu4yW.2","action":"GetUpdates Response", "result":"SERVER_MORE_TO_DOWNLOAD", "context":Received 250 update(s).  Some updates remain.}
{"logTime": "0831/053918", "correlationVector":"feJ6UdrGc2/idNblDMjalt","action":"Initial GetUpdates", "result":"", "context":Reason: PROGRAMMATIC. cV=feJ6UdrGc2/idNblDMjalt}
{"logTime": "0831/053919", "correlationVector":"feJ6UdrGc2/idNblDMjalt.1","action":"SyncServerConnectionManagerRequest", "result":"SYNC_SERVER_OK", "context":{"environment":"Prod_SoutheastAsia_000j", "migrationStage":"NotStarted", "server":"GENERAL0100000Y"}}
{"logTime": "0831/053919", "correlationVector":"feJ6UdrGc2/idNblDMjalt.2","action":"GetUpdates", "result":"DeleteReceived", "context":{"id":"7d523b40-0aab-4931-bd1c-42504b431d4c", "isDeleted:":"true", "version":"1685862332423"}}
{"logTime": "0831/053919", "correlationVector":"feJ6UdrGc2/idNblDMjalt.3","action":"GetUpdates", "result":"DeleteReceived", "context":{"id":"383e10cc-4f34-40ea-911d-5674b7fc5e53", "isDeleted:":"true", "version":"1688405819895"}}
{"logTime": "0831/053919", "correlationVector":"feJ6UdrGc2/idNblDMjalt.4","action":"GetUpdates Response", "result":"SERVER_MORE_TO_DOWNLOAD", "context":Received 250 update(s).  Some updates remain.}
{"logTime": "0831/053919", "correlationVector":"AtghXl6nYwgj5vvqud7ANO","action":"Initial GetUpdates", "result":"", "context":Reason: PROGRAMMATIC. cV=AtghXl6nYwgj5vvqud7ANO}
{"logTime": "0831/053919", "correlationVector":"AtghXl6nYwgj5vvqud7ANO.1","action":"SyncServerConnectionManagerRequest", "result":"SYNC_SERVER_OK", "context":{"environment":"Prod_SoutheastAsia_000j", "migrationStage":"NotStarted", "server":"GENERAL01000010"}}
{"logTime": "0831/053919", "correlationVector":"AtghXl6nYwgj5vvqud7ANO.2","action":"GetUpdates", "result":"DeleteReceived", "context":{"id":"6b2c9420-0bb4-4826-874b-9c85041d6bb9", "isDeleted:":"true", "version":"1692885989028"}}
{"logTime": "0831/053919", "correlationVector":"AtghXl6nYwgj5vvqud7ANO.3","action":"GetUpdates", "result":"DeleteReceived", "context":{"id":"904904fe-0522-4f3a-871d-e1c3dc05d5ce", "isDeleted:":"true", "version":"1691592794207"}}
{"logTime": "0831/053919", "correlationVector":"AtghXl6nYwgj5vvqud7ANO.4","action":"GetUpdates Response", "result":"SYNCER_OK", "context":Received 111 update(s). cV=AtghXl6nYwgj5vvqud7ANO.0;server=GENERAL01000010;cloudType=Consumer;environment=Prod_SoutheastAsia_000j;migrationStage=NotStarted}
{"logTime": "0831/053919", "correlationVector":"YdrGJ1tgUM64SOkgp01Y36","action":"Normal GetUpdate request", "result":"", "context":cV=YdrGJ1tgUM64SOkgp01Y36
Refresh requested types: Bookmarks, Passwords, Autofill Profiles, Autofill, Autofill Custom Data, Typed URLs, Encryption Keys}
{"logTime": "0831/053920", "correlationVector":"YdrGJ1tgUM64SOkgp01Y36.1","action":"SyncServerConnectionManagerRequest", "result":"SYNC_SERVER_OK", "context":{"environment":"Prod_SoutheastAsia_000j", "migrationStage":"NotStarted", "server":"GENERAL01000001"}}
{"logTime": "0831/053920", "correlationVector":"YdrGJ1tgUM64SOkgp01Y36.2","action":"GetUpdates Response", "result":"SYNCER_OK", "context":Received 0 update(s). cV=YdrGJ1tgUM64SOkgp01Y36.0;server=GENERAL01000001;cloudType=Consumer;environment=Prod_SoutheastAsia_000j;migrationStage=NotStarted}
{"logTime": "0831/053920", "correlationVector":"n8/XjjA1PM3CSJAl2HidCQ","action":"Commit Request", "result":"", "context":Item count: 1
Contributing types: Autofill}
{"logTime": "0831/053950", "correlationVector":"n8/XjjA1PM3CSJAl2HidCQ.1","action":"SyncServerConnectionManagerRequest", "result":"SYNC_SERVER_OK", "context":{"environment":"Prod_SoutheastAsia_000j", "migrationStage":"NotStarted", "server":"GENERAL01000016"}}
{"logTime": "0831/053950", "correlationVector":"n8/XjjA1PM3CSJAl2HidCQ.3","action":"Commit.Autofill", "result":"TransientError", "context":{"id":"cd429d45-835a-4a80-8568-a247d627da9d", "isDeleted":"false", "size":"76", "version":"1688888197836"}}
{"logTime": "0831/053950", "correlationVector":"n8/XjjA1PM3CSJAl2HidCQ.2","action":"Commit Response", "result":"SYNCER_OK", "context":Result: SYNCER_OK. cV=n8/XjjA1PM3CSJAl2HidCQ.0;server=GENERAL01000016;cloudType=Consumer;environment=Prod_SoutheastAsia_000j;migrationStage=NotStarted}
{"logTime": "0831/054035", "correlationVector":"H65x9YO9nBjFD33LY7z5aa","action":"Normal GetUpdate request", "result":"", "context":cV=H65x9YO9nBjFD33LY7z5aa
Nudged types: Autofill Profiles, Autofill
Refresh requested types: Bookmarks, Passwords, Autofill Profiles, Autofill, Autofill Custom Data, Typed URLs, Encryption Keys}
{"logTime": "0831/054035", "correlationVector":"H65x9YO9nBjFD33LY7z5aa.1","action":"SyncServerConnectionManagerRequest", "result":"SYNC_SERVER_OK", "context":{"environment":"Prod_SoutheastAsia_000j", "migrationStage":"NotStarted", "server":"GENERAL01000008"}}
{"logTime": "0831/054035", "correlationVector":"H65x9YO9nBjFD33LY7z5aa.2","action":"GetUpdates Response", "result":"SYNCER_OK", "context":Received 1 update(s). cV=H65x9YO9nBjFD33LY7z5aa.0;server=GENERAL01000008;cloudType=Consumer;environment=Prod_SoutheastAsia_000j;migrationStage=NotStarted}
{"logTime": "0831/054035", "correlationVector":"0QWfQz5o+p1FdsD0rblro8","action":"Commit Request", "result":"", "context":Item count: 2
Contributing types: Autofill Profiles, Autofill}
{"logTime": "0831/054035", "correlationVector":"0QWfQz5o+p1FdsD0rblro8.1","action":"SyncServerConnectionManagerRequest", "result":"SYNC_SERVER_OK", "context":{"environment":"Prod_SoutheastAsia_000j", "migrationStage":"NotStarted", "server":"GENERAL0100000Y"}}
{"logTime": "0831/054035", "correlationVector":"0QWfQz5o+p1FdsD0rblro8.2","action":"Commit Response", "result":"SYNCER_OK", "context":Result: SYNCER_OK. cV=0QWfQz5o+p1FdsD0rblro8.0;server=GENERAL0100000Y;cloudType=Consumer;environment=Prod_SoutheastAsia_000j;migrationStage=NotStarted}
{"logTime": "0831/054035", "correlationVector":"J/LuCQuhKGN/dxiX+mj4Eq","action":"Poll GetUpdate request", "result":"", "context":cV=J/LuCQuhKGN/dxiX+mj4Eq}
{"logTime": "0831/054036", "correlationVector":"J/LuCQuhKGN/dxiX+mj4Eq.1","action":"SyncServerConnectionManagerRequest", "result":"SYNC_SERVER_OK", "context":{"environment":"Prod_SoutheastAsia_000j", "migrationStage":"NotStarted", "server":"GENERAL0100000R"}}
{"logTime": "0831/054036", "correlationVector":"J/LuCQuhKGN/dxiX+mj4Eq.2","action":"GetUpdates Response", "result":"SYNCER_OK", "context":Received 2 update(s). cV=J/LuCQuhKGN/dxiX+mj4Eq.0;server=GENERAL0100000R;cloudType=Consumer;environment=Prod_SoutheastAsia_000j;migrationStage=NotStarted}
{"logTime": "0831/060915", "correlationVector":"PxFGiVeO8LEDKouoPHecGR.0","action":"FeedSettingFetch_homeCloud", "result":"0", "context":{}}
{"logTime": "0831/060915", "correlationVector":"xJ8Gadzd6uwZTseQrmcgfX.1","action":"SyncServerConnectionManagerRequest", "result":"SYNC_SERVER_OK", "context":{"environment":"Prod_SoutheastAsia_000j", "migrationStage":"NotStarted", "server":"GENERAL0100001L"}}
{"logTime": "0831/060915", "correlationVector":"xJ8Gadzd6uwZTseQrmcgfX","action":"Initial GetUpdates", "result":"", "context":Reason: NEW_CLIENT. cV=xJ8Gadzd6uwZTseQrmcgfX}
{"logTime": "0831/060915", "correlationVector":"xJ8Gadzd6uwZTseQrmcgfX.2","action":"GetUpdates Response", "result":"SYNCER_OK", "context":Received 1 update(s). cV=xJ8Gadzd6uwZTseQrmcgfX.0;server=GENERAL0100001L;cloudType=Consumer;environment=Prod_SoutheastAsia_000j;migrationStage=NotStarted}
{"logTime": "0831/060915", "correlationVector":"REBBObUdbc0aC0y0vfAoNI","action":"Initial GetUpdates", "result":"", "context":Reason: PROGRAMMATIC. cV=REBBObUdbc0aC0y0vfAoNI}
{"logTime": "0831/060915", "correlationVector":"REBBObUdbc0aC0y0vfAoNI.1","action":"SyncServerConnectionManagerRequest", "result":"SYNC_SERVER_OK", "context":{"environment":"Prod_SoutheastAsia_000j", "migrationStage":"NotStarted", "server":"GENERAL01000017"}}
{"logTime": "0831/060915", "correlationVector":"REBBObUdbc0aC0y0vfAoNI.2","action":"GetUpdates", "result":"DeleteReceived", "context":{"id":"7d523b40-0aab-4931-bd1c-42504b431d4c", "isDeleted:":"true", "version":"1685862332423"}}
{"logTime": "0831/060915", "correlationVector":"REBBObUdbc0aC0y0vfAoNI.3","action":"GetUpdates", "result":"DeleteReceived", "context":{"id":"383e10cc-4f34-40ea-911d-5674b7fc5e53", "isDeleted:":"true", "version":"1688405819895"}}
{"logTime": "0831/060915", "correlationVector":"REBBObUdbc0aC0y0vfAoNI.4","action":"GetUpdates Response", "result":"SYNCER_OK", "context":Received 203 update(s). cV=REBBObUdbc0aC0y0vfAoNI.0;server=GENERAL01000017;cloudType=Consumer;environment=Prod_SoutheastAsia_000j;migrationStage=NotStarted}
{"logTime": "0831/060915", "correlationVector":"N90cCapMc7mi36Jx6d2jVB","action":"Normal GetUpdate request", "result":"", "context":cV=N90cCapMc7mi36Jx6d2jVB
Refresh requested types: Bookmarks, Passwords, Autofill Profiles, Autofill, Autofill Custom Data, Typed URLs, Encryption Keys}
{"logTime": "0831/060915", "correlationVector":"N90cCapMc7mi36Jx6d2jVB.1","action":"SyncServerConnectionManagerRequest", "result":"SYNC_SERVER_OK", "context":{"environment":"Prod_SoutheastAsia_000j", "migrationStage":"NotStarted", "server":"GENERAL01000005"}}
{"logTime": "0831/060915", "correlationVector":"N90cCapMc7mi36Jx6d2jVB.2","action":"GetUpdates Response", "result":"SYNCER_OK", "context":Received 0 update(s). cV=N90cCapMc7mi36Jx6d2jVB.0;server=GENERAL01000005;cloudType=Consumer;environment=Prod_SoutheastAsia_000j;migrationStage=NotStarted}
{"logTime": "0831/061753", "correlationVector":"3sSX0PcdxUdKYMdvfqEvHZ","action":"SyncServerConnectionManagerRequest", "result":"SYNC_SERVER_ERROR", "context":{"environment":"", "error_type":"http_status_code", "error_value":"400", "migrationStage":"", "server":""}}
{"logTime": "0831/061753", "correlationVector":"/AqIn1vHxX1yLeQMZGzPJ/","action":"Normal GetUpdate request", "result":"", "context":cV=/AqIn1vHxX1yLeQMZGzPJ/
Notified types: Autofill}
{"logTime": "0831/061753", "correlationVector":"","action":"AccessTokenFetched", "result":"Same stale AccessToken is retrieved (will retry) for EdgeSyncScopeNew"}
{"logTime": "0831/061753", "correlationVector":"","action":"CredentialsChanged", "result":"Empty token for EdgeSyncScopeNew"}
{"logTime": "0831/061754", "correlationVector":"/AqIn1vHxX1yLeQMZGzPJ/.1","action":"SyncServerConnectionManagerRequest", "result":"SYNC_SERVER_OK", "context":{"environment":"Prod_SoutheastAsia_000j", "migrationStage":"NotStarted", "server":"GENERAL0100001G"}}
{"logTime": "0831/061754", "correlationVector":"/AqIn1vHxX1yLeQMZGzPJ/.2","action":"GetUpdates Response", "result":"SYNCER_OK", "context":Received 1 update(s). cV=/AqIn1vHxX1yLeQMZGzPJ/.0;server=GENERAL0100001G;cloudType=Consumer;environment=Prod_SoutheastAsia_000j;migrationStage=NotStarted}
{"logTime": "0903/083612", "correlationVector":"qcqNOSdSAuJNr7MgPNV1XC.0","action":"FeedSettingFetch_homeCloud", "result":"0", "context":{}}
{"logTime": "0903/083612", "correlationVector":"qcqNOSdSAuJNr7MgPNV1XC.0","action":"SyncServerConnectionManagerRequest", "result":"SYNC_SERVER_OK", "context":{"environment":"", "migrationStage":"", "server":""}}
{"logTime": "0903/083612", "correlationVector":"31V7X1F3Ltub+UiCp6HfYE.1","action":"SyncServerConnectionManagerRequest", "result":"SYNC_SERVER_OK", "context":{"environment":"Prod_SoutheastAsia_000j", "migrationStage":"NotStarted", "server":"GENERAL0100000G"}}
{"logTime": "0903/083612", "correlationVector":"31V7X1F3Ltub+UiCp6HfYE","action":"Initial GetUpdates", "result":"", "context":Reason: NEW_CLIENT. cV=31V7X1F3Ltub+UiCp6HfYE}
{"logTime": "0903/083612", "correlationVector":"31V7X1F3Ltub+UiCp6HfYE.2","action":"GetUpdates Response", "result":"SYNCER_OK", "context":Received 1 update(s). cV=31V7X1F3Ltub+UiCp6HfYE.0;server=GENERAL0100000G;cloudType=Consumer;environment=Prod_SoutheastAsia_000j;migrationStage=NotStarted}
{"logTime": "0903/083612", "correlationVector":"EoPaANFCgVGyxrem3jnETQ","action":"Initial GetUpdates", "result":"", "context":Reason: PROGRAMMATIC. cV=EoPaANFCgVGyxrem3jnETQ}
{"logTime": "0903/083612", "correlationVector":"EoPaANFCgVGyxrem3jnETQ.1","action":"SyncServerConnectionManagerRequest", "result":"SYNC_SERVER_OK", "context":{"environment":"Prod_SoutheastAsia_000j", "migrationStage":"NotStarted", "server":"GENERAL01000003"}}
{"logTime": "0903/083612", "correlationVector":"EoPaANFCgVGyxrem3jnETQ.2","action":"GetUpdates", "result":"DeleteReceived", "context":{"id":"7d523b40-0aab-4931-bd1c-42504b431d4c", "isDeleted:":"true", "version":"1685862332423"}}
{"logTime": "0903/083612", "correlationVector":"EoPaANFCgVGyxrem3jnETQ.3","action":"GetUpdates", "result":"DeleteReceived", "context":{"id":"383e10cc-4f34-40ea-911d-5674b7fc5e53", "isDeleted:":"true", "version":"1688405819895"}}
{"logTime": "0903/083612", "correlationVector":"EoPaANFCgVGyxrem3jnETQ.4","action":"GetUpdates Response", "result":"SYNCER_OK", "context":Received 203 update(s). cV=EoPaANFCgVGyxrem3jnETQ.0;server=GENERAL01000003;cloudType=Consumer;environment=Prod_SoutheastAsia_000j;migrationStage=NotStarted}
{"logTime": "0903/083612", "correlationVector":"x3wL2LPy5nf8N5MeNXiW4R","action":"Normal GetUpdate request", "result":"", "context":cV=x3wL2LPy5nf8N5MeNXiW4R
Nudged types: Autofill Profiles
Refresh requested types: Bookmarks, Passwords, Autofill Profiles, Autofill, Autofill Custom Data, Typed URLs, Encryption Keys}
{"logTime": "0903/083612", "correlationVector":"x3wL2LPy5nf8N5MeNXiW4R.1","action":"SyncServerConnectionManagerRequest", "result":"SYNC_SERVER_OK", "context":{"environment":"Prod_SoutheastAsia_000j", "migrationStage":"NotStarted", "server":"GENERAL0100000Y"}}
{"logTime": "0903/083612", "correlationVector":"x3wL2LPy5nf8N5MeNXiW4R.2","action":"GetUpdates Response", "result":"SYNCER_OK", "context":Received 6 update(s). cV=x3wL2LPy5nf8N5MeNXiW4R.0;server=GENERAL0100000Y;cloudType=Consumer;environment=Prod_SoutheastAsia_000j;migrationStage=NotStarted}
{"logTime": "0903/083612", "correlationVector":"zyYl760jSY0DTfIrqfEVYI","action":"Commit Request", "result":"", "context":Item count: 2
Contributing types: Autofill Profiles, Autofill}
{"logTime": "0903/083613", "correlationVector":"zyYl760jSY0DTfIrqfEVYI.1","action":"SyncServerConnectionManagerRequest", "result":"SYNC_SERVER_OK", "context":{"environment":"Prod_SoutheastAsia_000j", "migrationStage":"NotStarted", "server":"GENERAL0100000F"}}
{"logTime": "0903/083613", "correlationVector":"zyYl760jSY0DTfIrqfEVYI.2","action":"Commit Response", "result":"SYNCER_OK", "context":Result: SYNCER_OK. cV=zyYl760jSY0DTfIrqfEVYI.0;server=GENERAL0100000F;cloudType=Consumer;environment=Prod_SoutheastAsia_000j;migrationStage=NotStarted}
{"logTime": "0903/083613", "correlationVector":"Q28jjlyFRj8C0Cy+NlTY8V","action":"Poll GetUpdate request", "result":"", "context":cV=Q28jjlyFRj8C0Cy+NlTY8V}
{"logTime": "0903/083613", "correlationVector":"Q28jjlyFRj8C0Cy+NlTY8V.1","action":"SyncServerConnectionManagerRequest", "result":"SYNC_SERVER_OK", "context":{"environment":"Prod_SoutheastAsia_000j", "migrationStage":"NotStarted", "server":"GENERAL01000004"}}
{"logTime": "0903/083613", "correlationVector":"Q28jjlyFRj8C0Cy+NlTY8V.2","action":"GetUpdates Response", "result":"SYNCER_OK", "context":Received 2 update(s). cV=Q28jjlyFRj8C0Cy+NlTY8V.0;server=GENERAL01000004;cloudType=Consumer;environment=Prod_SoutheastAsia_000j;migrationStage=NotStarted}
{"logTime": "0903/083613", "correlationVector":"IE8ZJr7zNASX32OIxz8hl+","action":"Normal GetUpdate request", "result":"", "context":cV=IE8ZJr7zNASX32OIxz8hl+
Nudged types: Autofill Profiles, Autofill}
{"logTime": "0903/083613", "correlationVector":"IE8ZJr7zNASX32OIxz8hl+.1","action":"SyncServerConnectionManagerRequest", "result":"SYNC_SERVER_OK", "context":{"environment":"Prod_SoutheastAsia_000j", "migrationStage":"NotStarted", "server":"GENERAL01000003"}}
{"logTime": "0903/083613", "correlationVector":"IE8ZJr7zNASX32OIxz8hl+.2","action":"GetUpdates Response", "result":"SYNCER_OK", "context":Received 0 update(s). cV=IE8ZJr7zNASX32OIxz8hl+.0;server=GENERAL01000003;cloudType=Consumer;environment=Prod_SoutheastAsia_000j;migrationStage=NotStarted}
{"logTime": "0903/083615", "correlationVector":"WT19j9yB9j3lelczFEWBQ9","action":"Normal GetUpdate request", "result":"", "context":cV=WT19j9yB9j3lelczFEWBQ9
Notified types: Typed URLs}
{"logTime": "0903/083615", "correlationVector":"WT19j9yB9j3lelczFEWBQ9.1","action":"SyncServerConnectionManagerRequest", "result":"SYNC_SERVER_OK", "context":{"environment":"Prod_SoutheastAsia_000j", "migrationStage":"NotStarted", "server":"GENERAL0100001C"}}
{"logTime": "0903/083615", "correlationVector":"WT19j9yB9j3lelczFEWBQ9.2","action":"GetUpdates Response", "result":"SYNCER_OK", "context":Received 0 update(s). cV=WT19j9yB9j3lelczFEWBQ9.0;server=GENERAL0100001C;cloudType=Consumer;environment=Prod_SoutheastAsia_000j;migrationStage=NotStarted}
{"logTime": "0903/083618", "correlationVector":"JxLuRKBrfzyrN3cYT2la/q","action":"Commit Request", "result":"", "context":Item count: 1
Contributing types: Autofill Profiles}
{"logTime": "0903/083618", "correlationVector":"JxLuRKBrfzyrN3cYT2la/q.1","action":"SyncServerConnectionManagerRequest", "result":"SYNC_SERVER_OK", "context":{"environment":"Prod_SoutheastAsia_000j", "migrationStage":"NotStarted", "server":"GENERAL0100000N"}}
{"logTime": "0903/083618", "correlationVector":"JxLuRKBrfzyrN3cYT2la/q.2","action":"Commit Response", "result":"SYNCER_OK", "context":Result: SYNCER_OK. cV=JxLuRKBrfzyrN3cYT2la/q.0;server=GENERAL0100000N;cloudType=Consumer;environment=Prod_SoutheastAsia_000j;migrationStage=NotStarted}
{"logTime": "0903/083620", "correlationVector":"C9GTmLuCXkhpoCj3NjULGb","action":"Commit Request", "result":"", "context":Item count: 2
Contributing types: Autofill Profiles, Autofill}
{"logTime": "0903/083620", "correlationVector":"C9GTmLuCXkhpoCj3NjULGb.1","action":"SyncServerConnectionManagerRequest", "result":"SYNC_SERVER_OK", "context":{"environment":"Prod_SoutheastAsia_000j", "migrationStage":"NotStarted", "server":"GENERAL0100000Y"}}
{"logTime": "0903/083620", "correlationVector":"C9GTmLuCXkhpoCj3NjULGb.2","action":"Commit Response", "result":"SYNCER_OK", "context":Result: SYNCER_OK. cV=C9GTmLuCXkhpoCj3NjULGb.0;server=GENERAL0100000Y;cloudType=Consumer;environment=Prod_SoutheastAsia_000j;migrationStage=NotStarted}
{"logTime": "0903/084400", "correlationVector":"R2IqLPvyjxeTzeWstjJ29U.1","action":"SyncServerConnectionManagerRequest", "result":"SYNC_SERVER_OK", "context":{"environment":"Prod_SoutheastAsia_000j", "migrationStage":"NotStarted", "server":"GENERAL0100000H"}}
{"logTime": "0903/084400", "correlationVector":"R2IqLPvyjxeTzeWstjJ29U","action":"Initial GetUpdates", "result":"", "context":Reason: NEW_CLIENT. cV=R2IqLPvyjxeTzeWstjJ29U}
{"logTime": "0903/084400", "correlationVector":"R2IqLPvyjxeTzeWstjJ29U.2","action":"GetUpdates Response", "result":"SYNCER_OK", "context":Received 1 update(s). cV=R2IqLPvyjxeTzeWstjJ29U.0;server=GENERAL0100000H;cloudType=Consumer;environment=Prod_SoutheastAsia_000j;migrationStage=NotStarted}
{"logTime": "0903/084400", "correlationVector":"ByhEoLydPRNvmAvcnA8I28.0","action":"FeedSettingFetch_homeCloud", "result":"0", "context":{}}
{"logTime": "0903/084400", "correlationVector":"51mo02Z4bBsn8wMqkIEvPf","action":"Initial GetUpdates", "result":"", "context":Reason: PROGRAMMATIC. cV=51mo02Z4bBsn8wMqkIEvPf}
{"logTime": "0903/084400", "correlationVector":"51mo02Z4bBsn8wMqkIEvPf.1","action":"SyncServerConnectionManagerRequest", "result":"SYNC_SERVER_OK", "context":{"environment":"Prod_SoutheastAsia_000j", "migrationStage":"NotStarted", "server":"GENERAL01000006"}}
{"logTime": "0903/084400", "correlationVector":"51mo02Z4bBsn8wMqkIEvPf.2","action":"GetUpdates", "result":"DeleteReceived", "context":{"id":"7d523b40-0aab-4931-bd1c-42504b431d4c", "isDeleted:":"true", "version":"1685862332423"}}
{"logTime": "0903/084400", "correlationVector":"51mo02Z4bBsn8wMqkIEvPf.3","action":"GetUpdates", "result":"DeleteReceived", "context":{"id":"383e10cc-4f34-40ea-911d-5674b7fc5e53", "isDeleted:":"true", "version":"1688405819895"}}
{"logTime": "0903/084400", "correlationVector":"51mo02Z4bBsn8wMqkIEvPf.4","action":"GetUpdates Response", "result":"SYNCER_OK", "context":Received 203 update(s). cV=51mo02Z4bBsn8wMqkIEvPf.0;server=GENERAL01000006;cloudType=Consumer;environment=Prod_SoutheastAsia_000j;migrationStage=NotStarted}
{"logTime": "0903/084400", "correlationVector":"gOCdclhH/cTAD+4mOzuAWp","action":"Normal GetUpdate request", "result":"", "context":cV=gOCdclhH/cTAD+4mOzuAWp
Refresh requested types: Bookmarks, Passwords, Autofill Profiles, Autofill, Autofill Custom Data, Typed URLs, Encryption Keys}
{"logTime": "0903/084400", "correlationVector":"gOCdclhH/cTAD+4mOzuAWp.1","action":"SyncServerConnectionManagerRequest", "result":"SYNC_SERVER_OK", "context":{"environment":"Prod_SoutheastAsia_000j", "migrationStage":"NotStarted", "server":"GENERAL01000015"}}
{"logTime": "0903/084400", "correlationVector":"gOCdclhH/cTAD+4mOzuAWp.2","action":"GetUpdates Response", "result":"SYNCER_OK", "context":Received 2 update(s). cV=gOCdclhH/cTAD+4mOzuAWp.0;server=GENERAL01000015;cloudType=Consumer;environment=Prod_SoutheastAsia_000j;migrationStage=NotStarted}
{"logTime": "0908/125853", "correlationVector":"UuFFhznw9B+b4h65T/LegX.0","action":"FeedSettingFetch_homeCloud", "result":"0", "context":{}}
{"logTime": "0908/125853", "correlationVector":"UuFFhznw9B+b4h65T/LegX.0","action":"SyncServerConnectionManagerRequest", "result":"SYNC_SERVER_OK", "context":{"environment":"", "migrationStage":"", "server":""}}
{"logTime": "0908/125853", "correlationVector":"zrtnD4PXNJaMQ/+Gm9m1SL.1","action":"SyncServerConnectionManagerRequest", "result":"SYNC_SERVER_OK", "context":{"environment":"Prod_SoutheastAsia_000j", "migrationStage":"NotStarted", "server":"GENERAL0100000B"}}
{"logTime": "0908/125853", "correlationVector":"zrtnD4PXNJaMQ/+Gm9m1SL","action":"Initial GetUpdates", "result":"", "context":Reason: NEW_CLIENT. cV=zrtnD4PXNJaMQ/+Gm9m1SL}
{"logTime": "0908/125853", "correlationVector":"zrtnD4PXNJaMQ/+Gm9m1SL.2","action":"GetUpdates Response", "result":"SYNCER_OK", "context":Received 1 update(s). cV=zrtnD4PXNJaMQ/+Gm9m1SL.0;server=GENERAL0100000B;cloudType=Consumer;environment=Prod_SoutheastAsia_000j;migrationStage=NotStarted}
{"logTime": "0908/125853", "correlationVector":"glWZ7WLn24L+inaGnXpJsK","action":"Initial GetUpdates", "result":"", "context":Reason: PROGRAMMATIC. cV=glWZ7WLn24L+inaGnXpJsK}
{"logTime": "0908/125853", "correlationVector":"glWZ7WLn24L+inaGnXpJsK.1","action":"SyncServerConnectionManagerRequest", "result":"SYNC_SERVER_OK", "context":{"environment":"Prod_SoutheastAsia_000j", "migrationStage":"NotStarted", "server":"GENERAL01000005"}}
{"logTime": "0908/125853", "correlationVector":"glWZ7WLn24L+inaGnXpJsK.2","action":"GetUpdates", "result":"DeleteReceived", "context":{"id":"7d523b40-0aab-4931-bd1c-42504b431d4c", "isDeleted:":"true", "version":"1685862332423"}}
{"logTime": "0908/125853", "correlationVector":"glWZ7WLn24L+inaGnXpJsK.3","action":"GetUpdates", "result":"DeleteReceived", "context":{"id":"383e10cc-4f34-40ea-911d-5674b7fc5e53", "isDeleted:":"true", "version":"1688405819895"}}
{"logTime": "0908/125853", "correlationVector":"glWZ7WLn24L+inaGnXpJsK.4","action":"GetUpdates Response", "result":"SYNCER_OK", "context":Received 204 update(s). cV=glWZ7WLn24L+inaGnXpJsK.0;server=GENERAL01000005;cloudType=Consumer;environment=Prod_SoutheastAsia_000j;migrationStage=NotStarted}
{"logTime": "0908/125853", "correlationVector":"uYzn5FcAsAstPC+B7KaoYG","action":"Normal GetUpdate request", "result":"", "context":cV=uYzn5FcAsAstPC+B7KaoYG
Nudged types: Autofill Profiles, Autofill
Refresh requested types: Bookmarks, Passwords, Autofill Profiles, Autofill, Autofill Custom Data, Typed URLs, Encryption Keys}
{"logTime": "0908/125853", "correlationVector":"uYzn5FcAsAstPC+B7KaoYG.1","action":"SyncServerConnectionManagerRequest", "result":"SYNC_SERVER_OK", "context":{"environment":"Prod_SoutheastAsia_000j", "migrationStage":"NotStarted", "server":"GENERAL0100000J"}}
{"logTime": "0908/125853", "correlationVector":"uYzn5FcAsAstPC+B7KaoYG.2","action":"GetUpdates Response", "result":"SYNCER_OK", "context":Received 216 update(s). cV=uYzn5FcAsAstPC+B7KaoYG.0;server=GENERAL0100000J;cloudType=Consumer;environment=Prod_SoutheastAsia_000j;migrationStage=NotStarted}
{"logTime": "0908/125853", "correlationVector":"iZmi712n+zb9/Pqw1Dcuhw","action":"Commit Request", "result":"", "context":Item count: 20
Contributing types: Autofill Profiles, Autofill}
{"logTime": "0908/125853", "correlationVector":"iZmi712n+zb9/Pqw1Dcuhw.1","action":"SyncServerConnectionManagerRequest", "result":"SYNC_SERVER_OK", "context":{"environment":"Prod_SoutheastAsia_000j", "migrationStage":"NotStarted", "server":"GENERAL01000006"}}
{"logTime": "0908/125853", "correlationVector":"iZmi712n+zb9/Pqw1Dcuhw.2","action":"Commit Response", "result":"SYNCER_OK", "context":Result: SYNCER_OK. cV=iZmi712n+zb9/Pqw1Dcuhw.0;server=GENERAL01000006;cloudType=Consumer;environment=Prod_SoutheastAsia_000j;migrationStage=NotStarted}
{"logTime": "0908/125853", "correlationVector":"XKWjFkO+XW2busq9vrRYWm","action":"Commit Request", "result":"", "context":Item count: 20
Contributing types: Autofill}
{"logTime": "0908/125854", "correlationVector":"XKWjFkO+XW2busq9vrRYWm.1","action":"SyncServerConnectionManagerRequest", "result":"SYNC_SERVER_OK", "context":{"environment":"Prod_SoutheastAsia_000j", "migrationStage":"NotStarted", "server":"GENERAL0100001K"}}
{"logTime": "0908/125854", "correlationVector":"XKWjFkO+XW2busq9vrRYWm.2","action":"Commit Response", "result":"SYNCER_OK", "context":Result: SYNCER_OK. cV=XKWjFkO+XW2busq9vrRYWm.0;server=GENERAL0100001K;cloudType=Consumer;environment=Prod_SoutheastAsia_000j;migrationStage=NotStarted}
{"logTime": "0908/125854", "correlationVector":"ysyYeJ5TYQR5U+Ogh3o52b","action":"Commit Request", "result":"", "context":Item count: 20
Contributing types: Autofill}
{"logTime": "0908/125854", "correlationVector":"ysyYeJ5TYQR5U+Ogh3o52b.1","action":"SyncServerConnectionManagerRequest", "result":"SYNC_SERVER_OK", "context":{"environment":"Prod_SoutheastAsia_000j", "migrationStage":"NotStarted", "server":"GENERAL0100001C"}}
{"logTime": "0908/125854", "correlationVector":"ysyYeJ5TYQR5U+Ogh3o52b.2","action":"Commit Response", "result":"SYNCER_OK", "context":Result: SYNCER_OK. cV=ysyYeJ5TYQR5U+Ogh3o52b.0;server=GENERAL0100001C;cloudType=Consumer;environment=Prod_SoutheastAsia_000j;migrationStage=NotStarted}
{"logTime": "0908/125854", "correlationVector":"HBRIWCqvaK7+OmKQ62KaE/","action":"Commit Request", "result":"", "context":Item count: 20
Contributing types: Autofill}
{"logTime": "0908/125855", "correlationVector":"HBRIWCqvaK7+OmKQ62KaE/.1","action":"SyncServerConnectionManagerRequest", "result":"SYNC_SERVER_OK", "context":{"environment":"Prod_SoutheastAsia_000j", "migrationStage":"NotStarted", "server":"GENERAL0100001C"}}
{"logTime": "0908/125855", "correlationVector":"HBRIWCqvaK7+OmKQ62KaE/.2","action":"Commit Response", "result":"SYNCER_OK", "context":Result: SYNCER_OK. cV=HBRIWCqvaK7+OmKQ62KaE/.0;server=GENERAL0100001C;cloudType=Consumer;environment=Prod_SoutheastAsia_000j;migrationStage=NotStarted}
{"logTime": "0908/125855", "correlationVector":"b6VsN+IDSNlbLUj2TPl6zz","action":"Commit Request", "result":"", "context":Item count: 20
Contributing types: Autofill}
{"logTime": "0908/125856", "correlationVector":"b6VsN+IDSNlbLUj2TPl6zz.1","action":"SyncServerConnectionManagerRequest", "result":"SYNC_SERVER_OK", "context":{"environment":"Prod_SoutheastAsia_000j", "migrationStage":"NotStarted", "server":"GENERAL01000017"}}
{"logTime": "0908/125856", "correlationVector":"b6VsN+IDSNlbLUj2TPl6zz.2","action":"Commit Response", "result":"SYNCER_OK", "context":Result: SYNCER_OK. cV=b6VsN+IDSNlbLUj2TPl6zz.0;server=GENERAL01000017;cloudType=Consumer;environment=Prod_SoutheastAsia_000j;migrationStage=NotStarted}
{"logTime": "0908/125856", "correlationVector":"ozqxkkWg844dllJk4NcoDd","action":"Commit Request", "result":"", "context":Item count: 20
Contributing types: Autofill}
{"logTime": "0908/125857", "correlationVector":"ozqxkkWg844dllJk4NcoDd.1","action":"SyncServerConnectionManagerRequest", "result":"SYNC_SERVER_OK", "context":{"environment":"Prod_SoutheastAsia_000j", "migrationStage":"NotStarted", "server":"GENERAL0100000P"}}
{"logTime": "0908/125857", "correlationVector":"ozqxkkWg844dllJk4NcoDd.2","action":"Commit Response", "result":"SYNCER_OK", "context":Result: SYNCER_OK. cV=ozqxkkWg844dllJk4NcoDd.0;server=GENERAL0100000P;cloudType=Consumer;environment=Prod_SoutheastAsia_000j;migrationStage=NotStarted}
{"logTime": "0908/125857", "correlationVector":"/YeBmgTRgnPumDowYNGLRg","action":"Commit Request", "result":"", "context":Item count: 20
Contributing types: Autofill}
{"logTime": "0908/125858", "correlationVector":"/YeBmgTRgnPumDowYNGLRg.1","action":"SyncServerConnectionManagerRequest", "result":"SYNC_SERVER_OK", "context":{"environment":"Prod_SoutheastAsia_000j", "migrationStage":"NotStarted", "server":"GENERAL0100000P"}}
{"logTime": "0908/125858", "correlationVector":"/YeBmgTRgnPumDowYNGLRg.2","action":"Commit Response", "result":"SYNCER_OK", "context":Result: SYNCER_OK. cV=/YeBmgTRgnPumDowYNGLRg.0;server=GENERAL0100000P;cloudType=Consumer;environment=Prod_SoutheastAsia_000j;migrationStage=NotStarted}
{"logTime": "0908/125858", "correlationVector":"wiWhpHtAuTiL6SRaYo3ndl","action":"Commit Request", "result":"", "context":Item count: 15
Contributing types: Autofill}
{"logTime": "0908/125859", "correlationVector":"wiWhpHtAuTiL6SRaYo3ndl.1","action":"SyncServerConnectionManagerRequest", "result":"SYNC_SERVER_OK", "context":{"environment":"Prod_SoutheastAsia_000j", "migrationStage":"NotStarted", "server":"GENERAL0100000P"}}
{"logTime": "0908/125859", "correlationVector":"wiWhpHtAuTiL6SRaYo3ndl.2","action":"Commit Response", "result":"SYNCER_OK", "context":Result: SYNCER_OK. cV=wiWhpHtAuTiL6SRaYo3ndl.0;server=GENERAL0100000P;cloudType=Consumer;environment=Prod_SoutheastAsia_000j;migrationStage=NotStarted}
{"logTime": "0908/125859", "correlationVector":"lKjYpE8Tmeavq97EmTQANM","action":"Poll GetUpdate request", "result":"", "context":cV=lKjYpE8Tmeavq97EmTQANM}
{"logTime": "0908/125859", "correlationVector":"lKjYpE8Tmeavq97EmTQANM.1","action":"SyncServerConnectionManagerRequest", "result":"SYNC_SERVER_OK", "context":{"environment":"Prod_SoutheastAsia_000j", "migrationStage":"NotStarted", "server":"GENERAL01000007"}}
{"logTime": "0908/125859", "correlationVector":"lKjYpE8Tmeavq97EmTQANM.2","action":"GetUpdates Response", "result":"SYNCER_OK", "context":Received 155 update(s). cV=lKjYpE8Tmeavq97EmTQANM.0;server=GENERAL01000007;cloudType=Consumer;environment=Prod_SoutheastAsia_000j;migrationStage=NotStarted}
{"logTime": "0908/125859", "correlationVector":"z15LwWbuNuTn07lDasSU4Y","action":"Normal GetUpdate request", "result":"", "context":cV=z15LwWbuNuTn07lDasSU4Y
Nudged types: Autofill Profiles, Autofill}
{"logTime": "0908/125859", "correlationVector":"z15LwWbuNuTn07lDasSU4Y.1","action":"SyncServerConnectionManagerRequest", "result":"SYNC_SERVER_OK", "context":{"environment":"Prod_SoutheastAsia_000j", "migrationStage":"NotStarted", "server":"GENERAL0100000H"}}
{"logTime": "0908/125859", "correlationVector":"z15LwWbuNuTn07lDasSU4Y.2","action":"GetUpdates Response", "result":"SYNCER_OK", "context":Received 0 update(s). cV=z15LwWbuNuTn07lDasSU4Y.0;server=GENERAL0100000H;cloudType=Consumer;environment=Prod_SoutheastAsia_000j;migrationStage=NotStarted}
{"logTime": "0908/125905", "correlationVector":"UCNYrh+etJyxm81UhZzdmo","action":"Commit Request", "result":"", "context":Item count: 1
Contributing types: Autofill Profiles}
{"logTime": "0908/125906", "correlationVector":"UCNYrh+etJyxm81UhZzdmo.1","action":"SyncServerConnectionManagerRequest", "result":"SYNC_SERVER_OK", "context":{"environment":"Prod_SoutheastAsia_000j", "migrationStage":"NotStarted", "server":"GENERAL0100000K"}}
{"logTime": "0908/125906", "correlationVector":"UCNYrh+etJyxm81UhZzdmo.2","action":"Commit Response", "result":"SYNCER_OK", "context":Result: SYNCER_OK. cV=UCNYrh+etJyxm81UhZzdmo.0;server=GENERAL0100000K;cloudType=Consumer;environment=Prod_SoutheastAsia_000j;migrationStage=NotStarted}
{"logTime": "0908/125908", "correlationVector":"qa9PEXOYL5hfFRC483uSfM","action":"Commit Request", "result":"", "context":Item count: 2
Contributing types: Autofill Profiles, Autofill}
{"logTime": "0908/125908", "correlationVector":"qa9PEXOYL5hfFRC483uSfM.1","action":"SyncServerConnectionManagerRequest", "result":"SYNC_SERVER_OK", "context":{"environment":"Prod_SoutheastAsia_000j", "migrationStage":"NotStarted", "server":"GENERAL0100000D"}}
{"logTime": "0908/125908", "correlationVector":"qa9PEXOYL5hfFRC483uSfM.2","action":"Commit Response", "result":"SYNCER_OK", "context":Result: SYNCER_OK. cV=qa9PEXOYL5hfFRC483uSfM.0;server=GENERAL0100000D;cloudType=Consumer;environment=Prod_SoutheastAsia_000j;migrationStage=NotStarted}
{"logTime": "0908/125910", "correlationVector":"prUH+dLx/5puAzfP//LNAo","action":"Normal GetUpdate request", "result":"", "context":cV=prUH+dLx/5puAzfP//LNAo
Notified types: Autofill}
{"logTime": "0908/125911", "correlationVector":"prUH+dLx/5puAzfP//LNAo.1","action":"SyncServerConnectionManagerRequest", "result":"SYNC_SERVER_OK", "context":{"environment":"Prod_SoutheastAsia_000j", "migrationStage":"NotStarted", "server":"GENERAL0100000K"}}
{"logTime": "0908/125911", "correlationVector":"prUH+dLx/5puAzfP//LNAo.2","action":"GetUpdates Response", "result":"SYNCER_OK", "context":Received 2 update(s). cV=prUH+dLx/5puAzfP//LNAo.0;server=GENERAL0100000K;cloudType=Consumer;environment=Prod_SoutheastAsia_000j;migrationStage=NotStarted}
{"logTime": "0908/125911", "correlationVector":"p+ZqVzulpnGXl0CK7Hl4li","action":"Commit Request", "result":"", "context":Item count: 1
Contributing types: Autofill}
{"logTime": "0908/125911", "correlationVector":"p+ZqVzulpnGXl0CK7Hl4li.1","action":"SyncServerConnectionManagerRequest", "result":"SYNC_SERVER_OK", "context":{"environment":"Prod_SoutheastAsia_000j", "migrationStage":"NotStarted", "server":"GENERAL0100000V"}}
{"logTime": "0908/125911", "correlationVector":"p+ZqVzulpnGXl0CK7Hl4li.2","action":"Commit Response", "result":"SYNCER_OK", "context":Result: SYNCER_OK. cV=p+ZqVzulpnGXl0CK7Hl4li.0;server=GENERAL0100000V;cloudType=Consumer;environment=Prod_SoutheastAsia_000j;migrationStage=NotStarted}
{"logTime": "0908/130111", "correlationVector":"Vfko5jfjkfsIRdkQpf6Scp","action":"Normal GetUpdate request", "result":"", "context":cV=Vfko5jfjkfsIRdkQpf6Scp
Notified types: Autofill, Typed URLs}
{"logTime": "0908/130112", "correlationVector":"Vfko5jfjkfsIRdkQpf6Scp.1","action":"SyncServerConnectionManagerRequest", "result":"SYNC_SERVER_OK", "context":{"environment":"Prod_SoutheastAsia_000j", "migrationStage":"NotStarted", "server":"GENERAL01000000"}}
{"logTime": "0908/130112", "correlationVector":"Vfko5jfjkfsIRdkQpf6Scp.2","action":"GetUpdates Response", "result":"SYNCER_OK", "context":Received 3 update(s). cV=Vfko5jfjkfsIRdkQpf6Scp.0;server=GENERAL01000000;cloudType=Consumer;environment=Prod_SoutheastAsia_000j;migrationStage=NotStarted}
{"logTime": "0911/153542", "correlationVector":"vh2XoD0d4AqPs9zPQMTEHu.0","action":"FeedSettingFetch_homeCloud", "result":"0", "context":{}}
{"logTime": "0911/153542", "correlationVector":"AWMnH46vI5eyluZmjG426l.1","action":"SyncServerConnectionManagerRequest", "result":"SYNC_SERVER_OK", "context":{"environment":"Prod_SoutheastAsia_000j", "migrationStage":"NotStarted", "server":"GENERAL01000007"}}
{"logTime": "0911/153542", "correlationVector":"AWMnH46vI5eyluZmjG426l","action":"Initial GetUpdates", "result":"", "context":Reason: NEW_CLIENT. cV=AWMnH46vI5eyluZmjG426l}
{"logTime": "0911/153542", "correlationVector":"AWMnH46vI5eyluZmjG426l.2","action":"GetUpdates Response", "result":"SYNCER_OK", "context":Received 1 update(s). cV=AWMnH46vI5eyluZmjG426l.0;server=GENERAL01000007;cloudType=Consumer;environment=Prod_SoutheastAsia_000j;migrationStage=NotStarted}
{"logTime": "0911/153542", "correlationVector":"p80JTic1AhJXOB2YG4W4yG","action":"Initial GetUpdates", "result":"", "context":Reason: PROGRAMMATIC. cV=p80JTic1AhJXOB2YG4W4yG}
{"logTime": "0911/153542", "correlationVector":"p80JTic1AhJXOB2YG4W4yG.1","action":"SyncServerConnectionManagerRequest", "result":"SYNC_SERVER_OK", "context":{"environment":"Prod_SoutheastAsia_000j", "migrationStage":"NotStarted", "server":"GENERAL0100001C"}}
{"logTime": "0911/153542", "correlationVector":"p80JTic1AhJXOB2YG4W4yG.2","action":"GetUpdates", "result":"DeleteReceived", "context":{"id":"7d523b40-0aab-4931-bd1c-42504b431d4c", "isDeleted:":"true", "version":"1685862332423"}}
{"logTime": "0911/153542", "correlationVector":"p80JTic1AhJXOB2YG4W4yG.3","action":"GetUpdates", "result":"DeleteReceived", "context":{"id":"383e10cc-4f34-40ea-911d-5674b7fc5e53", "isDeleted:":"true", "version":"1688405819895"}}
{"logTime": "0911/153542", "correlationVector":"p80JTic1AhJXOB2YG4W4yG.4","action":"GetUpdates Response", "result":"SYNCER_OK", "context":Received 204 update(s). cV=p80JTic1AhJXOB2YG4W4yG.0;server=GENERAL0100001C;cloudType=Consumer;environment=Prod_SoutheastAsia_000j;migrationStage=NotStarted}
{"logTime": "0911/153542", "correlationVector":"Y9TaWQaCJ8MKhjDzR9rqzO","action":"Normal GetUpdate request", "result":"", "context":cV=Y9TaWQaCJ8MKhjDzR9rqzO
Refresh requested types: Bookmarks, Passwords, Autofill Profiles, Autofill, Autofill Custom Data, Typed URLs, Encryption Keys}
{"logTime": "0911/153542", "correlationVector":"Y9TaWQaCJ8MKhjDzR9rqzO.1","action":"SyncServerConnectionManagerRequest", "result":"SYNC_SERVER_OK", "context":{"environment":"Prod_SoutheastAsia_000j", "migrationStage":"NotStarted", "server":"GENERAL01000018"}}
{"logTime": "0911/153542", "correlationVector":"Y9TaWQaCJ8MKhjDzR9rqzO.2","action":"GetUpdates Response", "result":"SYNCER_OK", "context":Received 7 update(s). cV=Y9TaWQaCJ8MKhjDzR9rqzO.0;server=GENERAL01000018;cloudType=Consumer;environment=Prod_SoutheastAsia_000j;migrationStage=NotStarted}
{"logTime": "0911/153542", "correlationVector":"AqYYz3z0ySBZSpwf6pASl1","action":"Poll GetUpdate request", "result":"", "context":cV=AqYYz3z0ySBZSpwf6pASl1}
{"logTime": "0911/153543", "correlationVector":"AqYYz3z0ySBZSpwf6pASl1.1","action":"SyncServerConnectionManagerRequest", "result":"SYNC_SERVER_OK", "context":{"environment":"Prod_SoutheastAsia_000j", "migrationStage":"NotStarted", "server":"GENERAL0100000Z"}}
{"logTime": "0911/153543", "correlationVector":"AqYYz3z0ySBZSpwf6pASl1.2","action":"GetUpdates Response", "result":"SYNCER_OK", "context":Received 0 update(s). cV=AqYYz3z0ySBZSpwf6pASl1.0;server=GENERAL0100000Z;cloudType=Consumer;environment=Prod_SoutheastAsia_000j;migrationStage=NotStarted}
{"logTime": "0911/153545", "correlationVector":"F98KLKoFjT8knMCkkfoACG","action":"SyncServerConnectionManagerRequest", "result":"SYNC_SERVER_OK", "context":{"environment":"", "migrationStage":"", "server":""}}
{"logTime": "0911/153545", "correlationVector":"girt16iR+lORK6MKY274IQ","action":"Normal GetUpdate request", "result":"", "context":cV=girt16iR+lORK6MKY274IQ
Notified types: Typed URLs}
{"logTime": "0911/153545", "correlationVector":"girt16iR+lORK6MKY274IQ.1","action":"SyncServerConnectionManagerRequest", "result":"SYNC_SERVER_OK", "context":{"environment":"Prod_SoutheastAsia_000j", "migrationStage":"NotStarted", "server":"GENERAL01000001"}}
{"logTime": "0911/153545", "correlationVector":"girt16iR+lORK6MKY274IQ.2","action":"GetUpdates Response", "result":"SYNCER_OK", "context":Received 0 update(s). cV=girt16iR+lORK6MKY274IQ.0;server=GENERAL01000001;cloudType=Consumer;environment=Prod_SoutheastAsia_000j;migrationStage=NotStarted}
{"logTime": "0911/153545", "correlationVector":"4vasGG29A0hxQ3VtXFTCZs","action":"Commit Request", "result":"", "context":Item count: 1
Contributing types: Autofill}
{"logTime": "0911/153546", "correlationVector":"4vasGG29A0hxQ3VtXFTCZs.1","action":"SyncServerConnectionManagerRequest", "result":"SYNC_SERVER_OK", "context":{"environment":"Prod_SoutheastAsia_000j", "migrationStage":"NotStarted", "server":"GENERAL0100000D"}}
{"logTime": "0911/153546", "correlationVector":"4vasGG29A0hxQ3VtXFTCZs.2","action":"Commit Response", "result":"SYNCER_OK", "context":Result: SYNCER_OK. cV=4vasGG29A0hxQ3VtXFTCZs.0;server=GENERAL0100000D;cloudType=Consumer;environment=Prod_SoutheastAsia_000j;migrationStage=NotStarted}
{"logTime": "0911/153546", "correlationVector":"RkmommfbIa/yDKRX7SR7Ox","action":"Normal GetUpdate request", "result":"", "context":cV=RkmommfbIa/yDKRX7SR7Ox
Nudged types: Autofill
Refresh requested types: Bookmarks, Passwords, Autofill Profiles, Autofill, Autofill Custom Data, Typed URLs, Encryption Keys}
{"logTime": "0911/153546", "correlationVector":"RkmommfbIa/yDKRX7SR7Ox.1","action":"SyncServerConnectionManagerRequest", "result":"SYNC_SERVER_OK", "context":{"environment":"Prod_SoutheastAsia_000j", "migrationStage":"NotStarted", "server":"GENERAL0100000J"}}
{"logTime": "0911/153546", "correlationVector":"RkmommfbIa/yDKRX7SR7Ox.2","action":"GetUpdates Response", "result":"SYNCER_OK", "context":Received 1 update(s). cV=RkmommfbIa/yDKRX7SR7Ox.0;server=GENERAL0100000J;cloudType=Consumer;environment=Prod_SoutheastAsia_000j;migrationStage=NotStarted}
{"logTime": "0911/153608", "correlationVector":"2qXs+o1vk6ACHnrTpEdZzF","action":"Commit Request", "result":"", "context":Item count: 1
Contributing types: Autofill Profiles}
{"logTime": "0911/153609", "correlationVector":"2qXs+o1vk6ACHnrTpEdZzF.1","action":"SyncServerConnectionManagerRequest", "result":"SYNC_SERVER_OK", "context":{"environment":"Prod_SoutheastAsia_000j", "migrationStage":"NotStarted", "server":"GENERAL0100000A"}}
{"logTime": "0911/153609", "correlationVector":"2qXs+o1vk6ACHnrTpEdZzF.2","action":"Commit Response", "result":"SYNCER_OK", "context":Result: SYNCER_OK. cV=2qXs+o1vk6ACHnrTpEdZzF.0;server=GENERAL0100000A;cloudType=Consumer;environment=Prod_SoutheastAsia_000j;migrationStage=NotStarted}
{"logTime": "0911/153610", "correlationVector":"0cy9H16hWDfgIlGe3LdAox","action":"Commit Request", "result":"", "context":Item count: 2
Contributing types: Autofill Profiles, Autofill}
{"logTime": "0911/153611", "correlationVector":"0cy9H16hWDfgIlGe3LdAox.1","action":"SyncServerConnectionManagerRequest", "result":"SYNC_SERVER_OK", "context":{"environment":"Prod_SoutheastAsia_000j", "migrationStage":"NotStarted", "server":"GENERAL01000003"}}
{"logTime": "0911/153611", "correlationVector":"0cy9H16hWDfgIlGe3LdAox.2","action":"Commit Response", "result":"SYNCER_OK", "context":Result: SYNCER_OK. cV=0cy9H16hWDfgIlGe3LdAox.0;server=GENERAL01000003;cloudType=Consumer;environment=Prod_SoutheastAsia_000j;migrationStage=NotStarted}
{"logTime": "0915/130506", "correlationVector":"YKo9IIiwK/Bg/aDsRI66s8.0","action":"FeedSettingFetch_homeCloud", "result":"0", "context":{}}
{"logTime": "0915/130506", "correlationVector":"YKo9IIiwK/Bg/aDsRI66s8.0","action":"SyncServerConnectionManagerRequest", "result":"SYNC_SERVER_OK", "context":{"environment":"", "migrationStage":"", "server":""}}
{"logTime": "0915/130506", "correlationVector":"uRFTx+g/8MxurLZvbhjaga.1","action":"SyncServerConnectionManagerRequest", "result":"SYNC_SERVER_OK", "context":{"environment":"Prod_SoutheastAsia_000j", "migrationStage":"NotStarted", "server":"GENERAL01000016"}}
{"logTime": "0915/130506", "correlationVector":"uRFTx+g/8MxurLZvbhjaga","action":"Initial GetUpdates", "result":"", "context":Reason: NEW_CLIENT. cV=uRFTx+g/8MxurLZvbhjaga}
{"logTime": "0915/130506", "correlationVector":"uRFTx+g/8MxurLZvbhjaga.2","action":"GetUpdates Response", "result":"SYNCER_OK", "context":Received 1 update(s). cV=uRFTx+g/8MxurLZvbhjaga.0;server=GENERAL01000016;cloudType=Consumer;environment=Prod_SoutheastAsia_000j;migrationStage=NotStarted}
{"logTime": "0915/130506", "correlationVector":"fY1gWaIv42i96ZyuOKQrEG","action":"Initial GetUpdates", "result":"", "context":Reason: PROGRAMMATIC. cV=fY1gWaIv42i96ZyuOKQrEG}
{"logTime": "0915/130506", "correlationVector":"fY1gWaIv42i96ZyuOKQrEG.1","action":"SyncServerConnectionManagerRequest", "result":"SYNC_SERVER_OK", "context":{"environment":"Prod_SoutheastAsia_000j", "migrationStage":"NotStarted", "server":"GENERAL01000009"}}
{"logTime": "0915/130506", "correlationVector":"fY1gWaIv42i96ZyuOKQrEG.2","action":"GetUpdates", "result":"DeleteReceived", "context":{"id":"7d523b40-0aab-4931-bd1c-42504b431d4c", "isDeleted:":"true", "version":"1685862332423"}}
{"logTime": "0915/130506", "correlationVector":"fY1gWaIv42i96ZyuOKQrEG.3","action":"GetUpdates", "result":"DeleteReceived", "context":{"id":"383e10cc-4f34-40ea-911d-5674b7fc5e53", "isDeleted:":"true", "version":"1688405819895"}}
{"logTime": "0915/130506", "correlationVector":"fY1gWaIv42i96ZyuOKQrEG.4","action":"GetUpdates Response", "result":"SYNCER_OK", "context":Received 204 update(s). cV=fY1gWaIv42i96ZyuOKQrEG.0;server=GENERAL01000009;cloudType=Consumer;environment=Prod_SoutheastAsia_000j;migrationStage=NotStarted}
{"logTime": "0915/130507", "correlationVector":"9dKI7YNZDyctbP6/lVSO8S","action":"Normal GetUpdate request", "result":"", "context":cV=9dKI7YNZDyctbP6/lVSO8S
Refresh requested types: Bookmarks, Passwords, Autofill Profiles, Autofill, Autofill Custom Data, Typed URLs, Encryption Keys}
{"logTime": "0915/130507", "correlationVector":"9dKI7YNZDyctbP6/lVSO8S.1","action":"SyncServerConnectionManagerRequest", "result":"SYNC_SERVER_OK", "context":{"environment":"Prod_SoutheastAsia_000j", "migrationStage":"NotStarted", "server":"GENERAL0100000O"}}
{"logTime": "0915/130507", "correlationVector":"9dKI7YNZDyctbP6/lVSO8S.2","action":"GetUpdates Response", "result":"SYNCER_OK", "context":Received 8 update(s). cV=9dKI7YNZDyctbP6/lVSO8S.0;server=GENERAL0100000O;cloudType=Consumer;environment=Prod_SoutheastAsia_000j;migrationStage=NotStarted}
{"logTime": "0915/130507", "correlationVector":"wpt/syxAH6PYymDE5Xo/gI","action":"Commit Request", "result":"", "context":Item count: 1
Contributing types: Autofill}
{"logTime": "0915/130507", "correlationVector":"wpt/syxAH6PYymDE5Xo/gI.1","action":"SyncServerConnectionManagerRequest", "result":"SYNC_SERVER_OK", "context":{"environment":"Prod_SoutheastAsia_000j", "migrationStage":"NotStarted", "server":"GENERAL0100000A"}}
{"logTime": "0915/130507", "correlationVector":"wpt/syxAH6PYymDE5Xo/gI.2","action":"Commit Response", "result":"SYNCER_OK", "context":Result: SYNCER_OK. cV=wpt/syxAH6PYymDE5Xo/gI.0;server=GENERAL0100000A;cloudType=Consumer;environment=Prod_SoutheastAsia_000j;migrationStage=NotStarted}
{"logTime": "0915/130507", "correlationVector":"lIjcRbEQ7MtdE9UlLZ1J1m","action":"Poll GetUpdate request", "result":"", "context":cV=lIjcRbEQ7MtdE9UlLZ1J1m}
{"logTime": "0915/130507", "correlationVector":"lIjcRbEQ7MtdE9UlLZ1J1m.1","action":"SyncServerConnectionManagerRequest", "result":"SYNC_SERVER_OK", "context":{"environment":"Prod_SoutheastAsia_000j", "migrationStage":"NotStarted", "server":"GENERAL01000010"}}
{"logTime": "0915/130507", "correlationVector":"lIjcRbEQ7MtdE9UlLZ1J1m.2","action":"GetUpdates Response", "result":"SYNCER_OK", "context":Received 1 update(s). cV=lIjcRbEQ7MtdE9UlLZ1J1m.0;server=GENERAL01000010;cloudType=Consumer;environment=Prod_SoutheastAsia_000j;migrationStage=NotStarted}
{"logTime": "0915/130507", "correlationVector":"TQM0Ajm8IxymZh5VutbZgS","action":"Normal GetUpdate request", "result":"", "context":cV=TQM0Ajm8IxymZh5VutbZgS
Nudged types: Autofill}
{"logTime": "0915/130507", "correlationVector":"TQM0Ajm8IxymZh5VutbZgS.1","action":"SyncServerConnectionManagerRequest", "result":"SYNC_SERVER_OK", "context":{"environment":"Prod_SoutheastAsia_000j", "migrationStage":"NotStarted", "server":"GENERAL0100000Q"}}
{"logTime": "0915/130507", "correlationVector":"TQM0Ajm8IxymZh5VutbZgS.2","action":"GetUpdates Response", "result":"SYNCER_OK", "context":Received 0 update(s). cV=TQM0Ajm8IxymZh5VutbZgS.0;server=GENERAL0100000Q;cloudType=Consumer;environment=Prod_SoutheastAsia_000j;migrationStage=NotStarted}
{"logTime": "0915/130516", "correlationVector":"MrLswjkh+mpzvq0Esuuq3h","action":"Normal GetUpdate request", "result":"", "context":cV=MrLswjkh+mpzvq0Esuuq3h
Nudged types: Autofill Profiles}
{"logTime": "0915/130516", "correlationVector":"MrLswjkh+mpzvq0Esuuq3h.1","action":"SyncServerConnectionManagerRequest", "result":"SYNC_SERVER_OK", "context":{"environment":"Prod_SoutheastAsia_000j", "migrationStage":"NotStarted", "server":"GENERAL01000001"}}
{"logTime": "0915/130516", "correlationVector":"MrLswjkh+mpzvq0Esuuq3h.2","action":"GetUpdates Response", "result":"SYNCER_OK", "context":Received 0 update(s). cV=MrLswjkh+mpzvq0Esuuq3h.0;server=GENERAL01000001;cloudType=Consumer;environment=Prod_SoutheastAsia_000j;migrationStage=NotStarted}
{"logTime": "0915/130516", "correlationVector":"j+jnRIW9g6qZFvLSqRIGWG","action":"Commit Request", "result":"", "context":Item count: 1
Contributing types: Autofill Profiles}
{"logTime": "0915/130516", "correlationVector":"j+jnRIW9g6qZFvLSqRIGWG.1","action":"SyncServerConnectionManagerRequest", "result":"SYNC_SERVER_OK", "context":{"environment":"Prod_SoutheastAsia_000j", "migrationStage":"NotStarted", "server":"GENERAL0100001B"}}
{"logTime": "0915/130516", "correlationVector":"j+jnRIW9g6qZFvLSqRIGWG.2","action":"Commit Response", "result":"SYNCER_OK", "context":Result: SYNCER_OK. cV=j+jnRIW9g6qZFvLSqRIGWG.0;server=GENERAL0100001B;cloudType=Consumer;environment=Prod_SoutheastAsia_000j;migrationStage=NotStarted}
{"logTime": "0915/130518", "correlationVector":"tK4lLi/upXp5RF3MCsQbOO","action":"Commit Request", "result":"", "context":Item count: 2
Contributing types: Autofill Profiles, Autofill}
{"logTime": "0915/130519", "correlationVector":"tK4lLi/upXp5RF3MCsQbOO.1","action":"SyncServerConnectionManagerRequest", "result":"SYNC_SERVER_OK", "context":{"environment":"Prod_SoutheastAsia_000j", "migrationStage":"NotStarted", "server":"GENERAL0100000S"}}
{"logTime": "0915/130519", "correlationVector":"tK4lLi/upXp5RF3MCsQbOO.2","action":"Commit Response", "result":"SYNCER_OK", "context":Result: SYNCER_OK. cV=tK4lLi/upXp5RF3MCsQbOO.0;server=GENERAL0100000S;cloudType=Consumer;environment=Prod_SoutheastAsia_000j;migrationStage=NotStarted}
{"logTime": "0915/130558", "correlationVector":"RfeMe8Zsjbnprmh2sq2bfN","action":"Commit Request", "result":"", "context":Item count: 1
Contributing types: Typed URLs}
{"logTime": "0915/130559", "correlationVector":"RfeMe8Zsjbnprmh2sq2bfN.1","action":"SyncServerConnectionManagerRequest", "result":"SYNC_SERVER_OK", "context":{"environment":"Prod_SoutheastAsia_000j", "migrationStage":"NotStarted", "server":"GENERAL0100001F"}}
{"logTime": "0915/130559", "correlationVector":"RfeMe8Zsjbnprmh2sq2bfN.2","action":"Commit Response", "result":"SYNCER_OK", "context":Result: SYNCER_OK. cV=RfeMe8Zsjbnprmh2sq2bfN.0;server=GENERAL0100001F;cloudType=Consumer;environment=Prod_SoutheastAsia_000j;migrationStage=NotStarted}
{"logTime": "0915/144331", "correlationVector":"jRN65UdNVewAKhghVDdcgD.1","action":"SyncServerConnectionManagerRequest", "result":"SYNC_SERVER_OK", "context":{"environment":"Prod_SoutheastAsia_000j", "migrationStage":"NotStarted", "server":"GENERAL0100000M"}}
{"logTime": "0915/144331", "correlationVector":"uC+C/u2IvQj6CkVidG8qpy.0","action":"FeedSettingFetch_homeCloud", "result":"0", "context":{}}
{"logTime": "0915/144331", "correlationVector":"jRN65UdNVewAKhghVDdcgD","action":"Initial GetUpdates", "result":"", "context":Reason: NEW_CLIENT. cV=jRN65UdNVewAKhghVDdcgD}
{"logTime": "0915/144331", "correlationVector":"jRN65UdNVewAKhghVDdcgD.2","action":"GetUpdates Response", "result":"SYNCER_OK", "context":Received 1 update(s). cV=jRN65UdNVewAKhghVDdcgD.0;server=GENERAL0100000M;cloudType=Consumer;environment=Prod_SoutheastAsia_000j;migrationStage=NotStarted}
{"logTime": "0915/144331", "correlationVector":"twte0zKzdN+U2P+NpUw/ku","action":"Initial GetUpdates", "result":"", "context":Reason: PROGRAMMATIC. cV=twte0zKzdN+U2P+NpUw/ku}
{"logTime": "0915/144331", "correlationVector":"twte0zKzdN+U2P+NpUw/ku.1","action":"SyncServerConnectionManagerRequest", "result":"SYNC_SERVER_OK", "context":{"environment":"Prod_SoutheastAsia_000j", "migrationStage":"NotStarted", "server":"GENERAL0100000A"}}
{"logTime": "0915/144331", "correlationVector":"twte0zKzdN+U2P+NpUw/ku.2","action":"GetUpdates", "result":"DeleteReceived", "context":{"id":"7d523b40-0aab-4931-bd1c-42504b431d4c", "isDeleted:":"true", "version":"1685862332423"}}
{"logTime": "0915/144331", "correlationVector":"twte0zKzdN+U2P+NpUw/ku.3","action":"GetUpdates", "result":"DeleteReceived", "context":{"id":"383e10cc-4f34-40ea-911d-5674b7fc5e53", "isDeleted:":"true", "version":"1688405819895"}}
{"logTime": "0915/144331", "correlationVector":"twte0zKzdN+U2P+NpUw/ku.4","action":"GetUpdates Response", "result":"SYNCER_OK", "context":Received 204 update(s). cV=twte0zKzdN+U2P+NpUw/ku.0;server=GENERAL0100000A;cloudType=Consumer;environment=Prod_SoutheastAsia_000j;migrationStage=NotStarted}
{"logTime": "0915/144331", "correlationVector":"FchoOYz/k1r30AXzXY4Jzw","action":"Normal GetUpdate request", "result":"", "context":cV=FchoOYz/k1r30AXzXY4Jzw
Refresh requested types: Bookmarks, Passwords, Autofill Profiles, Autofill, Autofill Custom Data, Typed URLs, Encryption Keys}
{"logTime": "0915/144331", "correlationVector":"FchoOYz/k1r30AXzXY4Jzw.1","action":"SyncServerConnectionManagerRequest", "result":"SYNC_SERVER_OK", "context":{"environment":"Prod_SoutheastAsia_000j", "migrationStage":"NotStarted", "server":"GENERAL01000017"}}
{"logTime": "0915/144331", "correlationVector":"FchoOYz/k1r30AXzXY4Jzw.2","action":"GetUpdates Response", "result":"SYNCER_OK", "context":Received 4 update(s). cV=FchoOYz/k1r30AXzXY4Jzw.0;server=GENERAL01000017;cloudType=Consumer;environment=Prod_SoutheastAsia_000j;migrationStage=NotStarted}
{"logTime": "0915/144333", "correlationVector":"32yAeBCwspYgNT7artlnGd","action":"SyncServerConnectionManagerRequest", "result":"SYNC_SERVER_OK", "context":{"environment":"", "migrationStage":"", "server":""}}
{"logTime": "0915/144333", "correlationVector":"hEZWytTqH+NVE8LvF0B3pP","action":"Normal GetUpdate request", "result":"", "context":cV=hEZWytTqH+NVE8LvF0B3pP
Notified types: Typed URLs}
{"logTime": "0915/144334", "correlationVector":"hEZWytTqH+NVE8LvF0B3pP.1","action":"SyncServerConnectionManagerRequest", "result":"SYNC_SERVER_OK", "context":{"environment":"Prod_SoutheastAsia_000j", "migrationStage":"NotStarted", "server":"GENERAL0100000T"}}
{"logTime": "0915/144334", "correlationVector":"hEZWytTqH+NVE8LvF0B3pP.2","action":"GetUpdates Response", "result":"SYNCER_OK", "context":Received 0 update(s). cV=hEZWytTqH+NVE8LvF0B3pP.0;server=GENERAL0100000T;cloudType=Consumer;environment=Prod_SoutheastAsia_000j;migrationStage=NotStarted}
{"logTime": "0915/144334", "correlationVector":"tV8wgODMB+74Ik+mKxPBqU","action":"Normal GetUpdate request", "result":"", "context":cV=tV8wgODMB+74Ik+mKxPBqU
Refresh requested types: Bookmarks, Passwords, Autofill Profiles, Autofill, Autofill Custom Data, Typed URLs, Encryption Keys}
{"logTime": "0915/144334", "correlationVector":"tV8wgODMB+74Ik+mKxPBqU.1","action":"SyncServerConnectionManagerRequest", "result":"SYNC_SERVER_OK", "context":{"environment":"Prod_SoutheastAsia_000j", "migrationStage":"NotStarted", "server":"GENERAL0100000J"}}
{"logTime": "0915/144334", "correlationVector":"tV8wgODMB+74Ik+mKxPBqU.2","action":"GetUpdates Response", "result":"SYNCER_OK", "context":Received 0 update(s). cV=tV8wgODMB+74Ik+mKxPBqU.0;server=GENERAL0100000J;cloudType=Consumer;environment=Prod_SoutheastAsia_000j;migrationStage=NotStarted}
{"logTime": "0915/144339", "correlationVector":"htvt64MlFYxJE09pudHQaH","action":"Commit Request", "result":"", "context":Item count: 1
Contributing types: Autofill Profiles}
{"logTime": "0915/144340", "correlationVector":"htvt64MlFYxJE09pudHQaH.1","action":"SyncServerConnectionManagerRequest", "result":"SYNC_SERVER_OK", "context":{"environment":"Prod_SoutheastAsia_000j", "migrationStage":"NotStarted", "server":"GENERAL01000012"}}
{"logTime": "0915/144340", "correlationVector":"htvt64MlFYxJE09pudHQaH.2","action":"Commit Response", "result":"SYNCER_OK", "context":Result: SYNCER_OK. cV=htvt64MlFYxJE09pudHQaH.0;server=GENERAL01000012;cloudType=Consumer;environment=Prod_SoutheastAsia_000j;migrationStage=NotStarted}
{"logTime": "0915/144341", "correlationVector":"9Q7kvZlKGMlC5R1xwx25aK","action":"Commit Request", "result":"", "context":Item count: 2
Contributing types: Autofill Profiles, Autofill}
{"logTime": "0915/144342", "correlationVector":"9Q7kvZlKGMlC5R1xwx25aK.1","action":"SyncServerConnectionManagerRequest", "result":"SYNC_SERVER_OK", "context":{"environment":"Prod_SoutheastAsia_000j", "migrationStage":"NotStarted", "server":"GENERAL0100000Z"}}
{"logTime": "0915/144342", "correlationVector":"9Q7kvZlKGMlC5R1xwx25aK.2","action":"Commit Response", "result":"SYNCER_OK", "context":Result: SYNCER_OK. cV=9Q7kvZlKGMlC5R1xwx25aK.0;server=GENERAL0100000Z;cloudType=Consumer;environment=Prod_SoutheastAsia_000j;migrationStage=NotStarted}
{"logTime": "0922/153145", "correlationVector":"hrLmylF+jD+MU+ispsmHaU.0","action":"FeedSettingFetch_homeCloud", "result":"0", "context":{}}
{"logTime": "0922/153145", "correlationVector":"vRV9y24HDZ/n/T5Wx36b2y.1","action":"SyncServerConnectionManagerRequest", "result":"SYNC_SERVER_OK", "context":{"environment":"Prod_SoutheastAsia_000j", "migrationStage":"NotStarted", "server":"GENERAL0100001J"}}
{"logTime": "0922/153145", "correlationVector":"vRV9y24HDZ/n/T5Wx36b2y","action":"Initial GetUpdates", "result":"", "context":Reason: NEW_CLIENT. cV=vRV9y24HDZ/n/T5Wx36b2y}
{"logTime": "0922/153145", "correlationVector":"vRV9y24HDZ/n/T5Wx36b2y.2","action":"GetUpdates Response", "result":"SYNCER_OK", "context":Received 1 update(s). cV=vRV9y24HDZ/n/T5Wx36b2y.0;server=GENERAL0100001J;cloudType=Consumer;environment=Prod_SoutheastAsia_000j;migrationStage=NotStarted}
{"logTime": "0922/153145", "correlationVector":"jSEUyes5ZwhjsagtA2ew76","action":"Initial GetUpdates", "result":"", "context":Reason: PROGRAMMATIC. cV=jSEUyes5ZwhjsagtA2ew76}
{"logTime": "0922/153145", "correlationVector":"jSEUyes5ZwhjsagtA2ew76.1","action":"SyncServerConnectionManagerRequest", "result":"SYNC_SERVER_OK", "context":{"environment":"Prod_SoutheastAsia_000j", "migrationStage":"NotStarted", "server":"GENERAL0100000F"}}
{"logTime": "0922/153145", "correlationVector":"jSEUyes5ZwhjsagtA2ew76.2","action":"GetUpdates", "result":"DeleteReceived", "context":{"id":"7d523b40-0aab-4931-bd1c-42504b431d4c", "isDeleted:":"true", "version":"1685862332423"}}
{"logTime": "0922/153145", "correlationVector":"jSEUyes5ZwhjsagtA2ew76.3","action":"GetUpdates", "result":"DeleteReceived", "context":{"id":"383e10cc-4f34-40ea-911d-5674b7fc5e53", "isDeleted:":"true", "version":"1688405819895"}}
{"logTime": "0922/153145", "correlationVector":"jSEUyes5ZwhjsagtA2ew76.4","action":"GetUpdates Response", "result":"SYNCER_OK", "context":Received 204 update(s). cV=jSEUyes5ZwhjsagtA2ew76.0;server=GENERAL0100000F;cloudType=Consumer;environment=Prod_SoutheastAsia_000j;migrationStage=NotStarted}
{"logTime": "0922/153145", "correlationVector":"6ZrYV14g4BDeNsg5i6BUDW","action":"Normal GetUpdate request", "result":"", "context":cV=6ZrYV14g4BDeNsg5i6BUDW
Refresh requested types: Bookmarks, Passwords, Autofill Profiles, Autofill, Autofill Custom Data, Typed URLs, Edge Wallet, Encryption Keys}
{"logTime": "0922/153145", "correlationVector":"6ZrYV14g4BDeNsg5i6BUDW.1","action":"SyncServerConnectionManagerRequest", "result":"SYNC_SERVER_OK", "context":{"environment":"Prod_SoutheastAsia_000j", "migrationStage":"NotStarted", "server":"GENERAL01000002"}}
{"logTime": "0922/153145", "correlationVector":"6ZrYV14g4BDeNsg5i6BUDW.2","action":"GetUpdates Response", "result":"SYNCER_OK", "context":Received 14 update(s). cV=6ZrYV14g4BDeNsg5i6BUDW.0;server=GENERAL01000002;cloudType=Consumer;environment=Prod_SoutheastAsia_000j;migrationStage=NotStarted}
{"logTime": "0922/153145", "correlationVector":"Rv+UG2w9Uv5uC9HoUEOufN","action":"Poll GetUpdate request", "result":"", "context":cV=Rv+UG2w9Uv5uC9HoUEOufN}
{"logTime": "0922/153145", "correlationVector":"Rv+UG2w9Uv5uC9HoUEOufN.1","action":"SyncServerConnectionManagerRequest", "result":"SYNC_SERVER_OK", "context":{"environment":"Prod_SoutheastAsia_000j", "migrationStage":"NotStarted", "server":"GENERAL01000005"}}
{"logTime": "0922/153145", "correlationVector":"Rv+UG2w9Uv5uC9HoUEOufN.2","action":"GetUpdates Response", "result":"SYNCER_OK", "context":Received 0 update(s). cV=Rv+UG2w9Uv5uC9HoUEOufN.0;server=GENERAL01000005;cloudType=Consumer;environment=Prod_SoutheastAsia_000j;migrationStage=NotStarted}
{"logTime": "0922/153147", "correlationVector":"7u7RcvPjcIakOWY8R5nDHR","action":"SyncServerConnectionManagerRequest", "result":"SYNC_SERVER_OK", "context":{"environment":"", "migrationStage":"", "server":""}}
{"logTime": "0922/153147", "correlationVector":"q5XN4nr/7YNF5IVgV1yOr6","action":"Normal GetUpdate request", "result":"", "context":cV=q5XN4nr/7YNF5IVgV1yOr6
Notified types: Typed URLs}
{"logTime": "0922/153148", "correlationVector":"q5XN4nr/7YNF5IVgV1yOr6.1","action":"SyncServerConnectionManagerRequest", "result":"SYNC_SERVER_OK", "context":{"environment":"Prod_SoutheastAsia_000j", "migrationStage":"NotStarted", "server":"GENERAL0100001A"}}
{"logTime": "0922/153148", "correlationVector":"q5XN4nr/7YNF5IVgV1yOr6.2","action":"GetUpdates Response", "result":"SYNCER_OK", "context":Received 0 update(s). cV=q5XN4nr/7YNF5IVgV1yOr6.0;server=GENERAL0100001A;cloudType=Consumer;environment=Prod_SoutheastAsia_000j;migrationStage=NotStarted}
{"logTime": "0922/153148", "correlationVector":"WCuPG5MnTkVyGLStwKHeRM","action":"Commit Request", "result":"", "context":Item count: 1
Contributing types: Autofill}
{"logTime": "0922/153148", "correlationVector":"WCuPG5MnTkVyGLStwKHeRM.1","action":"SyncServerConnectionManagerRequest", "result":"SYNC_SERVER_OK", "context":{"environment":"Prod_SoutheastAsia_000j", "migrationStage":"NotStarted", "server":"GENERAL0100000B"}}
{"logTime": "0922/153148", "correlationVector":"WCuPG5MnTkVyGLStwKHeRM.2","action":"Commit Response", "result":"SYNCER_OK", "context":Result: SYNCER_OK. cV=WCuPG5MnTkVyGLStwKHeRM.0;server=GENERAL0100000B;cloudType=Consumer;environment=Prod_SoutheastAsia_000j;migrationStage=NotStarted}
{"logTime": "0922/153148", "correlationVector":"aJXGTdvwcR7tWrC9Fguivt","action":"Normal GetUpdate request", "result":"", "context":cV=aJXGTdvwcR7tWrC9Fguivt
Nudged types: Autofill
Refresh requested types: Bookmarks, Passwords, Autofill Profiles, Autofill, Autofill Custom Data, Typed URLs, Edge Wallet, Encryption Keys}
{"logTime": "0922/153148", "correlationVector":"aJXGTdvwcR7tWrC9Fguivt.1","action":"SyncServerConnectionManagerRequest", "result":"SYNC_SERVER_OK", "context":{"environment":"Prod_SoutheastAsia_000j", "migrationStage":"NotStarted", "server":"GENERAL01000012"}}
{"logTime": "0922/153148", "correlationVector":"aJXGTdvwcR7tWrC9Fguivt.2","action":"GetUpdates Response", "result":"SYNCER_OK", "context":Received 1 update(s). cV=aJXGTdvwcR7tWrC9Fguivt.0;server=GENERAL01000012;cloudType=Consumer;environment=Prod_SoutheastAsia_000j;migrationStage=NotStarted}
{"logTime": "0923/143140", "correlationVector":"pGjGhZqPvrdc3EgCccn373.0","action":"FeedSettingFetch_homeCloud", "result":"0", "context":{}}
{"logTime": "0923/143140", "correlationVector":"pGjGhZqPvrdc3EgCccn373.0","action":"SyncServerConnectionManagerRequest", "result":"SYNC_SERVER_OK", "context":{"environment":"", "migrationStage":"", "server":""}}
{"logTime": "0923/143140", "correlationVector":"VcdN3ngJlW4/XbN6DVcVrX.1","action":"SyncServerConnectionManagerRequest", "result":"SYNC_SERVER_OK", "context":{"environment":"Prod_SoutheastAsia_000j", "migrationStage":"NotStarted", "server":"GENERAL0100000I"}}
{"logTime": "0923/143140", "correlationVector":"VcdN3ngJlW4/XbN6DVcVrX","action":"Initial GetUpdates", "result":"", "context":Reason: NEW_CLIENT. cV=VcdN3ngJlW4/XbN6DVcVrX}
{"logTime": "0923/143140", "correlationVector":"VcdN3ngJlW4/XbN6DVcVrX.2","action":"GetUpdates Response", "result":"SYNCER_OK", "context":Received 1 update(s). cV=VcdN3ngJlW4/XbN6DVcVrX.0;server=GENERAL0100000I;cloudType=Consumer;environment=Prod_SoutheastAsia_000j;migrationStage=NotStarted}
{"logTime": "0923/143140", "correlationVector":"HqniGcCB/xeRuLfi4zMNi3","action":"Initial GetUpdates", "result":"", "context":Reason: PROGRAMMATIC. cV=HqniGcCB/xeRuLfi4zMNi3}
{"logTime": "0923/143141", "correlationVector":"HqniGcCB/xeRuLfi4zMNi3.1","action":"SyncServerConnectionManagerRequest", "result":"SYNC_SERVER_OK", "context":{"environment":"Prod_SoutheastAsia_000j", "migrationStage":"NotStarted", "server":"GENERAL0100000M"}}
{"logTime": "0923/143141", "correlationVector":"HqniGcCB/xeRuLfi4zMNi3.2","action":"GetUpdates", "result":"DeleteReceived", "context":{"id":"7d523b40-0aab-4931-bd1c-42504b431d4c", "isDeleted:":"true", "version":"1685862332423"}}
{"logTime": "0923/143141", "correlationVector":"HqniGcCB/xeRuLfi4zMNi3.3","action":"GetUpdates", "result":"DeleteReceived", "context":{"id":"383e10cc-4f34-40ea-911d-5674b7fc5e53", "isDeleted:":"true", "version":"1688405819895"}}
{"logTime": "0923/143141", "correlationVector":"HqniGcCB/xeRuLfi4zMNi3.4","action":"GetUpdates Response", "result":"SYNCER_OK", "context":Received 204 update(s). cV=HqniGcCB/xeRuLfi4zMNi3.0;server=GENERAL0100000M;cloudType=Consumer;environment=Prod_SoutheastAsia_000j;migrationStage=NotStarted}
{"logTime": "0923/143141", "correlationVector":"7N9qYYbUvkR0duOmgD+0VF","action":"Normal GetUpdate request", "result":"", "context":cV=7N9qYYbUvkR0duOmgD+0VF
Refresh requested types: Bookmarks, Passwords, Autofill Profiles, Autofill, Autofill Custom Data, Typed URLs, Edge Wallet, Encryption Keys}
{"logTime": "0923/143141", "correlationVector":"7N9qYYbUvkR0duOmgD+0VF.1","action":"SyncServerConnectionManagerRequest", "result":"SYNC_SERVER_OK", "context":{"environment":"Prod_SoutheastAsia_000j", "migrationStage":"NotStarted", "server":"GENERAL0100000R"}}
{"logTime": "0923/143141", "correlationVector":"7N9qYYbUvkR0duOmgD+0VF.2","action":"GetUpdates Response", "result":"SYNCER_OK", "context":Received 0 update(s). cV=7N9qYYbUvkR0duOmgD+0VF.0;server=GENERAL0100000R;cloudType=Consumer;environment=Prod_SoutheastAsia_000j;migrationStage=NotStarted}
{"logTime": "0923/143141", "correlationVector":"E6nh157qQ4aVKJwuaxfpX9","action":"Poll GetUpdate request", "result":"", "context":cV=E6nh157qQ4aVKJwuaxfpX9}
{"logTime": "0923/143141", "correlationVector":"E6nh157qQ4aVKJwuaxfpX9.1","action":"SyncServerConnectionManagerRequest", "result":"SYNC_SERVER_OK", "context":{"environment":"Prod_SoutheastAsia_000j", "migrationStage":"NotStarted", "server":"GENERAL01000002"}}
{"logTime": "0923/143141", "correlationVector":"E6nh157qQ4aVKJwuaxfpX9.2","action":"GetUpdates Response", "result":"SYNCER_OK", "context":Received 0 update(s). cV=E6nh157qQ4aVKJwuaxfpX9.0;server=GENERAL01000002;cloudType=Consumer;environment=Prod_SoutheastAsia_000j;migrationStage=NotStarted}
{"logTime": "0923/143146", "correlationVector":"KMMvO3KPvSYN/rqvSb9c0F","action":"Commit Request", "result":"", "context":Item count: 1
Contributing types: Autofill Profiles}
{"logTime": "0923/143146", "correlationVector":"KMMvO3KPvSYN/rqvSb9c0F.1","action":"SyncServerConnectionManagerRequest", "result":"SYNC_SERVER_OK", "context":{"environment":"Prod_SoutheastAsia_000j", "migrationStage":"NotStarted", "server":"GENERAL0100000K"}}
{"logTime": "0923/143146", "correlationVector":"KMMvO3KPvSYN/rqvSb9c0F.2","action":"Commit Response", "result":"SYNCER_OK", "context":Result: SYNCER_OK. cV=KMMvO3KPvSYN/rqvSb9c0F.0;server=GENERAL0100000K;cloudType=Consumer;environment=Prod_SoutheastAsia_000j;migrationStage=NotStarted}
{"logTime": "0923/143150", "correlationVector":"wO9+uwhCMiKWMIjU8ih1KA","action":"Commit Request", "result":"", "context":Item count: 1
Contributing types: Autofill}
{"logTime": "0923/143150", "correlationVector":"wO9+uwhCMiKWMIjU8ih1KA.1","action":"SyncServerConnectionManagerRequest", "result":"SYNC_SERVER_OK", "context":{"environment":"Prod_SoutheastAsia_000j", "migrationStage":"NotStarted", "server":"GENERAL01000016"}}
{"logTime": "0923/143150", "correlationVector":"wO9+uwhCMiKWMIjU8ih1KA.2","action":"Commit Response", "result":"SYNCER_OK", "context":Result: SYNCER_OK. cV=wO9+uwhCMiKWMIjU8ih1KA.0;server=GENERAL01000016;cloudType=Consumer;environment=Prod_SoutheastAsia_000j;migrationStage=NotStarted}
